[2018-01-04 11:09:04] START
[2018-01-04 11:11:19] EDIT registropublicaciones/views/default/index.html: -13
[2018-01-04 11:12:17] EDIT registropublicaciones/views/default/index.html: 0
[2018-01-04 11:12:44] CREATE default/libro.html: 0
[2018-01-04 11:13:15] EDIT registropublicaciones/controllers/default.py: 3
[2018-01-04 11:19:55] EDIT registropublicaciones/models/db.py: 15
[2018-01-04 11:20:05] EDIT registropublicaciones/models/db.py: 0
[2018-01-04 11:34:18] EDIT registropublicaciones/models/db.py: 0
[2018-01-04 11:39:47] EDIT registropublicaciones/controllers/default.py: 0
[2018-01-04 11:41:25] EDIT registropublicaciones/models/db.py: 1
[2018-01-04 11:48:59] EDIT registropublicaciones/controllers/default.py: 6
[2018-01-04 11:53:05] EDIT registropublicaciones/views/default/libro.html: 6
[2018-01-04 11:53:50] EDIT registropublicaciones/controllers/default.py: 0
[2018-01-04 12:39:56] EDIT registropublicaciones/views/default/libro.html: 2
[2018-01-04 12:40:23] EDIT registropublicaciones/views/default/libro.html: 0
[2018-01-04 12:41:46] EDIT registropublicaciones/views/default/libro.html: 0
[2018-01-04 12:44:43] EDIT registropublicaciones/views/default/libro.html: 1
[2018-01-04 12:48:52] EDIT registropublicaciones/controllers/default.py: 0
[2018-01-04 12:49:54] EDIT registropublicaciones/views/default/libro.html: 0
[2018-01-04 12:49:57] EDIT registropublicaciones/views/default/libro.html: 0
[2018-01-04 12:51:56] EDIT registropublicaciones/views/default/libro.html: 0
[2018-01-04 12:54:05] EDIT registropublicaciones/models/db.py: 0
[2018-01-04 12:54:22] EDIT registropublicaciones/controllers/default.py: 0
[2018-01-04 13:25:44] EDIT registropublicaciones/views/default/libro.html: 0
[2018-01-04 15:06:21] EDIT registropublicaciones/views/default/libro.html: 0
[2018-01-04 15:08:37] EDIT registropublicaciones/views/default/libro.html: 2
[2018-01-04 15:08:37] EDIT registropublicaciones/views/default/libro.html: 0
[2018-01-04 15:09:22] EDIT registropublicaciones/views/default/libro.html: 0
[2018-01-04 15:09:44] EDIT registropublicaciones/views/default/libro.html: 0
[2018-01-04 15:11:02] EDIT registropublicaciones/views/default/libro.html: 1
[2018-01-04 15:15:15] EDIT registropublicaciones/views/default/libro.html: 3
[2018-01-04 15:16:17] EDIT registropublicaciones/views/default/libro.html: 1
[2018-01-04 15:16:41] EDIT registropublicaciones/views/default/libro.html: 0
[2018-01-04 15:17:02] EDIT registropublicaciones/views/default/libro.html: 0
[2018-01-04 15:17:28] EDIT registropublicaciones/views/default/libro.html: 0
[2018-01-04 15:17:58] EDIT registropublicaciones/views/default/libro.html: 1
[2018-01-04 15:18:12] EDIT registropublicaciones/views/default/libro.html: 0
[2018-01-04 15:22:01] EDIT registropublicaciones/views/default/libro.html: 0
[2018-01-04 15:22:24] EDIT registropublicaciones/views/default/libro.html: 0
[2018-01-04 15:23:06] CREATE default/revista.html: 0
[2018-01-04 15:24:46] EDIT registropublicaciones/views/default/revista.html: 17
[2018-01-04 15:27:46] EDIT registropublicaciones/views/default/revista.html: 4
[2018-01-04 15:28:23] EDIT registropublicaciones/controllers/default.py: 9
[2018-01-04 15:28:39] EDIT registropublicaciones/views/default/revista.html: 0
[2018-01-04 15:29:03] EDIT registropublicaciones/views/default/revista.html: 0
[2018-01-04 15:30:04] EDIT registropublicaciones/models/db.py: 0
[2018-01-04 15:30:24] EDIT registropublicaciones/controllers/default.py: 0
[2018-01-04 15:31:57] EDIT registropublicaciones/controllers/default.py: 9
[2018-01-04 15:32:18] CREATE default/eventos.html: 0
[2018-01-04 15:32:52] EDIT registropublicaciones/views/default/libro.html: 1
[2018-01-04 15:41:11] EDIT registropublicaciones/views/default/eventos.html: 19
[2018-01-04 15:41:26] EDIT registropublicaciones/controllers/default.py: 0
[2018-01-04 15:41:59] EDIT registropublicaciones/views/default/eventos.html: 0
[2018-01-04 15:42:16] CREATE default/evento.html: 0
[2018-01-04 15:42:29] EDIT registropublicaciones/views/default/evento.html: 19
[2018-01-04 15:42:48] EDIT registropublicaciones/controllers/default.py: 0
[2018-01-04 15:43:01] DELETE registropublicaciones/views/default/eventos.html: -22
[2018-01-04 15:43:23] EDIT registropublicaciones/views/default/evento.html: 0
[2018-01-04 15:43:24] EDIT registropublicaciones/views/default/evento.html: 0
[2018-01-04 15:44:58] EDIT registropublicaciones/controllers/default.py: 1
[2018-01-04 15:46:08] EDIT registropublicaciones/controllers/default.py: 0
[2018-01-04 15:46:33] EDIT registropublicaciones/controllers/default.py: 0
[2018-01-04 15:49:33] EDIT registropublicaciones/views/default/evento.html: 0
[2018-01-04 15:51:06] EDIT registropublicaciones/views/default/index.html: -3
[2018-01-04 15:51:55] EDIT registropublicaciones/views/default/index.html: 0
[2018-01-04 15:52:23] EDIT registropublicaciones/views/default/index.html: 0
[2018-01-04 16:17:43] EDIT registropublicaciones/views/layout.html: 0
[2018-01-04 16:18:12] EDIT registropublicaciones/views/default/index.html: 48
[2018-01-04 16:18:59] EDIT registropublicaciones/views/default/index.html: -1
[2018-01-04 16:20:11] EDIT registropublicaciones/views/default/index.html: 0
[2018-01-06 07:14:23] EDIT registropublicaciones/views/default/index.html: 0
[2018-01-06 07:15:23] EDIT registropublicaciones/views/default/index.html: 0
[2018-01-06 07:16:07] EDIT registropublicaciones/views/default/index.html: 0
[2018-01-06 07:16:24] EDIT registropublicaciones/views/default/index.html: 0
[2018-01-06 07:16:43] EDIT registropublicaciones/views/default/index.html: 0
[2018-01-06 07:17:43] EDIT registropublicaciones/views/default/index.html: 0
[2018-01-06 07:21:35] EDIT registropublicaciones/controllers/default.py: 3
[2018-01-06 07:21:49] EDIT registropublicaciones/controllers/default.py: 0
[2018-01-06 07:22:08] EDIT registropublicaciones/controllers/default.py: 0
[2018-01-06 07:22:30] EDIT registropublicaciones/controllers/default.py: 0
[2018-01-06 07:23:35] EDIT registropublicaciones/controllers/default.py: -1
[2018-01-06 07:24:57] EDIT registropublicaciones/controllers/default.py: 0
[2018-01-06 07:27:56] EDIT registropublicaciones/views/default/index.html: -13
[2018-01-06 07:28:17] EDIT registropublicaciones/views/default/index.html: 0
[2018-01-06 07:32:04] EDIT registropublicaciones/views/default/index.html: 5
[2018-01-06 07:32:29] EDIT registropublicaciones/views/default/index.html: 0
[2018-01-06 07:34:03] EDIT registropublicaciones/views/default/index.html: 0
[2018-01-06 07:35:03] EDIT registropublicaciones/views/default/index.html: 2
[2018-01-06 07:35:18] EDIT registropublicaciones/views/default/index.html: 1
[2018-01-06 07:36:08] EDIT registropublicaciones/views/default/index.html: 0
[2018-01-06 07:36:38] EDIT registropublicaciones/views/default/index.html: 0
[2018-01-06 07:37:38] EDIT registropublicaciones/views/default/index.html: 0
[2018-01-06 07:38:48] EDIT registropublicaciones/views/default/index.html: 0
[2018-01-06 07:39:34] EDIT registropublicaciones/views/default/index.html: -1
[2018-01-06 07:40:07] EDIT registropublicaciones/views/default/index.html: -2
[2018-01-06 07:43:01] EDIT registropublicaciones/views/default/index.html: 0
[2018-01-06 07:46:38] EDIT registropublicaciones/views/default/index.html: 6
[2018-01-06 07:48:35] EDIT registropublicaciones/controllers/default.py: 0
[2018-01-06 07:50:42] EDIT registropublicaciones/views/layout.html: -50
[2018-01-07 14:24:17] EDIT registropublicaciones/views/default/index.html: 0
[2018-01-07 15:37:25] EDIT registropublicaciones/views/default/index.html: 3
[2018-01-07 15:39:51] EDIT registropublicaciones/views/default/index.html: 5
[2018-01-07 15:41:05] EDIT registropublicaciones/views/default/index.html: 2
[2018-01-07 15:43:27] EDIT registropublicaciones/views/default/index.html: 0
[2018-01-07 15:44:17] EDIT registropublicaciones/views/default/index.html: 0
[2018-01-07 15:47:58] EDIT registropublicaciones/views/default/index.html: 0
[2018-01-07 16:02:52] EDIT registropublicaciones/controllers/default.py: 2
[2018-01-07 16:06:23] EDIT registropublicaciones/views/default/index.html: 0
[2018-01-07 16:09:42] EDIT registropublicaciones/views/default/index.html: 0
[2018-01-07 16:10:37] EDIT registropublicaciones/views/default/libro.html: 0
[2018-01-07 16:10:56] EDIT registropublicaciones/views/default/libro.html: 0
[2018-01-07 16:11:24] EDIT registropublicaciones/views/default/libro.html: 0
[2018-01-07 16:11:54] EDIT registropublicaciones/views/default/libro.html: 0
[2018-01-07 16:12:11] EDIT registropublicaciones/views/default/revista.html: 0
[2018-01-07 16:12:26] EDIT registropublicaciones/views/default/evento.html: 0
[2018-01-07 16:13:17] EDIT registropublicaciones/views/default/index.html: 0
[2018-01-08 12:45:19] EDIT registropublicaciones/views/default/libro.html: 1
[2018-01-08 12:45:55] EDIT registropublicaciones/views/default/libro.html: 1
[2018-01-08 12:48:01] EDIT registropublicaciones/views/default/libro.html: 0
[2018-01-08 12:49:10] EDIT registropublicaciones/views/default/libro.html: 0
[2018-01-08 12:49:27] EDIT registropublicaciones/views/default/libro.html: 0
[2018-01-08 12:50:52] EDIT registropublicaciones/views/default/libro.html: 15
[2018-01-08 12:51:42] EDIT registropublicaciones/views/default/libro.html: 0
[2018-01-08 12:53:34] EDIT registropublicaciones/views/default/libro.html: 0
[2018-01-08 12:56:46] EDIT registropublicaciones/views/default/index.html: 0
[2018-01-08 12:57:21] EDIT registropublicaciones/views/default/index.html: 0
[2018-01-08 12:58:27] CREATE default/edicion.html: 0
[2018-01-08 12:59:03] EDIT registropublicaciones/controllers/default.py: 1
[2018-01-08 12:59:19] EDIT registropublicaciones/controllers/default.py: 1
[2018-01-08 13:02:30] EDIT registropublicaciones/views/default/index.html: 2
[2018-01-08 13:04:26] EDIT registropublicaciones/views/default/index.html: 0
[2018-01-08 13:05:03] EDIT registropublicaciones/views/default/libro.html: 0
[2018-01-08 13:05:09] EDIT registropublicaciones/views/default/libro.html: 0
[2018-01-08 13:05:43] EDIT registropublicaciones/views/default/libro.html: 0
[2018-01-08 14:28:16] EDIT registropublicaciones/views/default/index.html: 0
[2018-01-08 15:09:47] EDIT registropublicaciones/views/default/libro.html: 0
[2018-01-08 15:11:00] EDIT registropublicaciones/views/default/libro.html: 0
[2018-01-08 15:18:56] EDIT registropublicaciones/controllers/default.py: 4
[2018-01-08 15:19:27] EDIT registropublicaciones/controllers/default.py: 0
[2018-01-08 15:37:39] EDIT registropublicaciones/views/default/libro.html: 0
[2018-01-08 15:38:08] EDIT registropublicaciones/views/default/libro.html: 0
[2018-01-08 15:41:26] EDIT registropublicaciones/views/default/libro.html: 1
[2018-01-08 15:42:12] EDIT registropublicaciones/controllers/default.py: -4
[2018-01-08 15:43:22] EDIT registropublicaciones/views/default/libro.html: 0
[2018-01-08 15:45:18] EDIT registropublicaciones/views/default/libro.html: 0
[2018-01-08 15:49:13] EDIT registropublicaciones/controllers/default.py: 0
[2018-01-08 15:49:26] EDIT registropublicaciones/controllers/default.py: 0
[2018-01-08 15:49:30] EDIT registropublicaciones/controllers/default.py: 0
[2018-01-08 15:52:12] EDIT registropublicaciones/controllers/default.py: 0
[2018-01-08 15:53:08] EDIT registropublicaciones/views/default/libro.html: -1
[2018-01-08 15:55:34] EDIT registropublicaciones/views/default/libro.html: -1
[2018-01-08 15:56:10] EDIT registropublicaciones/views/default/libro.html: -1
[2018-01-08 15:59:06] EDIT registropublicaciones/views/default/libro.html: 2
[2018-01-09 12:08:14] EDIT registropublicaciones/views/default/libro.html: 0
[2018-01-09 12:33:32] EDIT registropublicaciones/views/default/libro.html: 1
[2018-01-09 12:37:36] EDIT registropublicaciones/controllers/default.py: 4
[2018-01-09 12:38:10] EDIT registropublicaciones/controllers/default.py: 0
[2018-01-09 12:38:48] EDIT registropublicaciones/controllers/default.py: 0
[2018-01-09 12:39:40] EDIT registropublicaciones/controllers/default.py: 0
[2018-01-09 12:39:55] EDIT registropublicaciones/controllers/default.py: 0
[2018-01-09 12:40:06] EDIT registropublicaciones/controllers/default.py: 0
[2018-01-09 12:40:46] EDIT registropublicaciones/controllers/default.py: 0
[2018-01-09 12:42:57] EDIT registropublicaciones/controllers/default.py: 2
[2018-01-09 12:43:23] EDIT registropublicaciones/controllers/default.py: 0
[2018-01-09 12:43:38] EDIT registropublicaciones/controllers/default.py: 0
[2018-01-09 12:44:04] EDIT registropublicaciones/controllers/default.py: 0
[2018-01-09 12:44:32] EDIT registropublicaciones/controllers/default.py: 0
[2018-01-09 12:44:39] EDIT registropublicaciones/controllers/default.py: 0
[2018-01-09 12:51:26] EDIT registropublicaciones/controllers/default.py: 0
[2018-01-09 12:52:08] EDIT registropublicaciones/controllers/default.py: -4
[2018-01-09 12:52:13] EDIT registropublicaciones/controllers/default.py: 0
[2018-01-09 12:52:48] EDIT registropublicaciones/controllers/default.py: -2
[2018-01-09 13:01:49] EDIT registropublicaciones/controllers/default.py: 4
[2018-01-09 13:04:13] EDIT registropublicaciones/controllers/default.py: 0
[2018-01-09 13:05:43] EDIT registropublicaciones/controllers/default.py: 0
[2018-01-09 13:06:34] EDIT registropublicaciones/controllers/default.py: 0
[2018-01-09 13:07:18] EDIT registropublicaciones/controllers/default.py: 0
[2018-01-09 13:08:41] EDIT registropublicaciones/views/default/libro.html: -18
[2018-01-09 13:09:52] EDIT registropublicaciones/controllers/default.py: 0
[2018-01-09 13:29:37] EDIT registropublicaciones/controllers/default.py: -4
[2018-01-09 13:31:22] EDIT registropublicaciones/views/default/index.html: 0
[2018-01-09 13:31:29] EDIT registropublicaciones/views/default/index.html: 0
[2018-01-09 13:32:12] EDIT registropublicaciones/views/default/index.html: 0
[2018-01-09 13:32:58] CREATE default/edicionlibro.html: 0
[2018-01-09 13:33:13] EDIT registropublicaciones/views/default/edicionlibro.html: 18
[2018-01-09 13:35:30] EDIT registropublicaciones/controllers/default.py: 9
[2018-01-09 13:36:30] EDIT registropublicaciones/views/default/index.html: 0
[2018-01-09 13:37:00] EDIT registropublicaciones/controllers/default.py: 0
[2018-01-09 13:37:20] EDIT registropublicaciones/controllers/default.py: 0
[2018-01-09 13:37:59] EDIT registropublicaciones/controllers/default.py: 0
[2018-01-09 13:39:02] EDIT registropublicaciones/views/default/index.html: 0
[2018-01-09 13:39:27] EDIT registropublicaciones/controllers/default.py: 0
[2018-01-09 13:40:00] EDIT registropublicaciones/controllers/default.py: 0
[2018-01-09 13:43:33] EDIT registropublicaciones/controllers/default.py: 0
[2018-01-09 13:43:46] EDIT registropublicaciones/controllers/default.py: 0
[2018-01-09 13:45:17] EDIT registropublicaciones/controllers/default.py: 0
[2018-01-09 13:45:29] EDIT registropublicaciones/controllers/default.py: 0
[2018-01-09 13:46:22] EDIT registropublicaciones/views/default/edicionlibro.html: 0
[2018-01-09 13:47:30] EDIT registropublicaciones/controllers/default.py: 0
[2018-01-09 13:48:14] EDIT registropublicaciones/views/default/edicionlibro.html: 0
[2018-01-09 13:49:48] EDIT registropublicaciones/views/default/edicionlibro.html: 0
[2018-01-09 13:50:09] EDIT registropublicaciones/controllers/default.py: 0
[2018-01-09 13:51:21] EDIT registropublicaciones/controllers/default.py: 0
[2018-01-09 13:51:56] EDIT registropublicaciones/views/default/edicionlibro.html: -1
[2018-01-09 13:52:18] EDIT registropublicaciones/views/default/edicionlibro.html: 0
[2018-01-09 13:53:49] EDIT registropublicaciones/views/default/edicionlibro.html: 0
[2018-01-09 13:59:29] EDIT registropublicaciones/views/default/index.html: 0
[2018-01-09 14:00:10] EDIT registropublicaciones/views/default/index.html: 0
[2018-01-09 14:00:57] EDIT registropublicaciones/views/default/index.html: 0
[2018-01-09 14:01:31] EDIT registropublicaciones/views/default/index.html: 0
[2018-01-09 14:09:17] EDIT registropublicaciones/controllers/default.py: 0
[2018-01-09 14:09:46] EDIT registropublicaciones/controllers/default.py: 0
[2018-01-09 14:10:18] EDIT registropublicaciones/controllers/default.py: 0
[2018-01-09 14:10:59] EDIT registropublicaciones/views/default/edicionlibro.html: 1
[2018-01-09 14:12:34] EDIT registropublicaciones/views/default/edicionlibro.html: 0
[2018-01-09 14:18:55] EDIT registropublicaciones/controllers/default.py: 0
[2018-01-09 14:19:02] EDIT registropublicaciones/controllers/default.py: 0
[2018-01-09 14:19:36] EDIT registropublicaciones/controllers/default.py: 0
[2018-01-09 14:20:00] EDIT registropublicaciones/controllers/default.py: 0
[2018-01-09 14:20:06] EDIT registropublicaciones/controllers/default.py: 0
[2018-01-09 14:20:18] EDIT registropublicaciones/controllers/default.py: 0
[2018-01-09 14:20:23] EDIT registropublicaciones/controllers/default.py: 0
[2018-01-09 14:20:59] EDIT registropublicaciones/controllers/default.py: 0
[2018-01-09 14:22:35] EDIT registropublicaciones/controllers/default.py: 0
[2018-01-09 14:23:13] EDIT registropublicaciones/controllers/default.py: 0
[2018-01-09 14:23:43] EDIT registropublicaciones/controllers/default.py: 0
[2018-01-09 14:24:41] EDIT registropublicaciones/controllers/default.py: 0
[2018-01-09 14:32:30] EDIT registropublicaciones/controllers/default.py: 0
[2018-01-09 14:33:26] EDIT registropublicaciones/views/default/edicionlibro.html: 0
[2018-01-09 14:34:14] EDIT registropublicaciones/controllers/default.py: 0
[2018-01-09 14:34:49] EDIT registropublicaciones/controllers/default.py: 0
[2018-01-09 14:35:57] EDIT registropublicaciones/controllers/default.py: 0
[2018-01-09 14:47:07] EDIT registropublicaciones/controllers/default.py: 2
[2018-01-09 14:48:03] EDIT registropublicaciones/controllers/default.py: 1
[2018-01-09 14:48:18] EDIT registropublicaciones/controllers/default.py: 0
[2018-01-09 14:49:29] EDIT registropublicaciones/controllers/default.py: 0
[2018-01-09 14:56:59] EDIT registropublicaciones/controllers/default.py: -1
[2018-01-09 14:57:15] EDIT registropublicaciones/controllers/default.py: 0
[2018-01-09 14:59:47] EDIT registropublicaciones/controllers/default.py: 0
[2018-01-09 15:00:26] EDIT registropublicaciones/controllers/default.py: 0
[2018-01-09 15:04:04] EDIT registropublicaciones/controllers/default.py: -2
[2018-01-09 15:04:37] EDIT registropublicaciones/controllers/default.py: 0
[2018-01-09 15:04:43] EDIT registropublicaciones/controllers/default.py: 0
[2018-01-09 15:07:09] EDIT registropublicaciones/controllers/default.py: 0
[2018-01-09 15:07:52] EDIT registropublicaciones/views/default/edicionlibro.html: 0
[2018-01-09 15:08:33] EDIT registropublicaciones/views/default/edicionlibro.html: 0
[2018-01-09 15:08:43] EDIT registropublicaciones/views/default/edicionlibro.html: 0
[2018-01-09 15:10:21] EDIT registropublicaciones/views/default/edicionlibro.html: 0
[2018-01-09 15:10:48] EDIT registropublicaciones/controllers/default.py: 0
[2018-01-09 15:12:27] EDIT registropublicaciones/controllers/default.py: 0
[2018-01-09 15:12:39] EDIT registropublicaciones/controllers/default.py: 0
[2018-01-09 15:13:03] EDIT registropublicaciones/views/default/edicionlibro.html: -14
[2018-01-09 15:14:27] EDIT registropublicaciones/views/default/edicionlibro.html: 0
[2018-01-09 15:25:32] EDIT registropublicaciones/controllers/default.py: 0
[2018-01-09 15:25:57] EDIT registropublicaciones/controllers/default.py: 0
[2018-01-09 15:26:52] EDIT registropublicaciones/controllers/default.py: 0
[2018-01-09 15:27:42] EDIT registropublicaciones/controllers/default.py: 0
[2018-01-09 15:28:07] EDIT registropublicaciones/views/default/edicionlibro.html: -5
[2018-01-09 15:31:11] EDIT registropublicaciones/controllers/default.py: 0
[2018-01-09 15:31:44] EDIT registropublicaciones/controllers/default.py: 0
[2018-01-09 15:32:15] EDIT registropublicaciones/controllers/default.py: 0
[2018-01-09 15:33:13] EDIT registropublicaciones/controllers/default.py: 0
[2018-01-09 15:35:08] EDIT registropublicaciones/controllers/default.py: 0
[2018-01-09 15:35:29] EDIT registropublicaciones/controllers/default.py: 0
[2018-01-09 15:35:56] EDIT registropublicaciones/controllers/default.py: 0
[2018-01-09 15:36:29] EDIT registropublicaciones/controllers/default.py: 0
[2018-01-09 15:36:53] EDIT registropublicaciones/controllers/default.py: 0
[2018-01-09 15:38:04] EDIT registropublicaciones/controllers/default.py: 0
[2018-01-09 15:39:51] EDIT registropublicaciones/controllers/default.py: 0
[2018-01-09 15:55:26] EDIT registropublicaciones/views/default/edicionlibro.html: 2
[2018-01-09 15:56:30] EDIT registropublicaciones/views/default/edicionlibro.html: 0
[2018-01-09 15:57:52] EDIT registropublicaciones/views/default/edicionlibro.html: 1
[2018-01-09 15:58:30] EDIT registropublicaciones/views/default/edicionlibro.html: 0
[2018-01-09 15:59:42] EDIT registropublicaciones/views/default/edicionlibro.html: 0
[2018-01-09 16:00:10] EDIT registropublicaciones/views/default/edicionlibro.html: 0
[2018-01-09 16:01:37] EDIT registropublicaciones/views/default/edicionlibro.html: 0
[2018-01-09 16:04:31] EDIT registropublicaciones/views/default/edicionlibro.html: 16
[2018-01-09 16:06:03] EDIT registropublicaciones/views/default/edicionlibro.html: -1
[2018-01-09 16:06:27] EDIT registropublicaciones/controllers/default.py: 0
[2018-01-09 16:09:10] EDIT registropublicaciones/views/default/edicionlibro.html: -2
[2018-01-09 16:10:39] EDIT registropublicaciones/views/default/edicionlibro.html: 0
[2018-01-09 16:17:40] EDIT registropublicaciones/views/default/edicionlibro.html: 9
[2018-01-09 16:18:19] EDIT registropublicaciones/views/default/edicionlibro.html: 0
[2018-01-09 16:19:06] EDIT registropublicaciones/views/default/edicionlibro.html: 0
[2018-01-09 16:20:02] EDIT registropublicaciones/views/default/edicionlibro.html: 0
[2018-01-09 16:20:37] EDIT registropublicaciones/controllers/default.py: 0
[2018-01-10 11:24:43] CREATE default/edicionrevista.html: 0
[2018-01-10 11:24:59] CREATE default/edicionevento.html: 0
[2018-01-10 11:49:22] EDIT registropublicaciones/views/default/edicionlibro.html: 0
[2018-01-10 11:49:40] EDIT registropublicaciones/views/default/edicionevento.html: 24
[2018-01-10 11:50:13] EDIT registropublicaciones/views/default/edicionrevista.html: 24
[2018-01-10 11:52:19] EDIT registropublicaciones/views/default/edicionevento.html: 1
[2018-01-10 11:55:42] EDIT registropublicaciones/views/default/edicionrevista.html: 2
[2018-01-10 11:58:11] EDIT registropublicaciones/controllers/default.py: 11
[2018-01-10 11:58:21] EDIT registropublicaciones/controllers/default.py: 0
[2018-01-10 11:59:10] EDIT registropublicaciones/controllers/default.py: 0
[2018-01-10 11:59:21] EDIT registropublicaciones/controllers/default.py: 0
[2018-01-10 11:59:33] EDIT registropublicaciones/controllers/default.py: 0
[2018-01-10 12:00:53] EDIT registropublicaciones/views/default/index.html: 6
[2018-01-10 12:40:27] EDIT registropublicaciones/views/default/index.html: 0
[2018-01-10 12:56:28] EDIT registropublicaciones/views/default/edicionrevista.html: 0
[2018-01-10 12:59:09] EDIT registropublicaciones/controllers/default.py: 11
[2018-01-10 13:00:48] EDIT registropublicaciones/views/default/evento.html: 0
[2018-01-10 13:02:53] EDIT registropublicaciones/views/default/evento.html: 1
[2018-01-10 13:04:20] EDIT registropublicaciones/views/default/edicionevento.html: 1
[2018-01-10 13:08:37] EDIT registropublicaciones/views/default/evento.html: 0
[2018-01-10 13:08:55] EDIT registropublicaciones/views/default/edicionevento.html: 0
[2018-01-10 13:09:09] EDIT registropublicaciones/controllers/default.py: 0
[2018-01-10 13:10:24] EDIT registropublicaciones/controllers/default.py: 0
[2018-01-10 13:30:13] EDIT registropublicaciones/views/default/evento.html: 0
[2018-01-10 13:34:57] EDIT registropublicaciones/views/default/evento.html: 0
[2018-01-10 13:37:34] EDIT registropublicaciones/models/db.py: 0
[2018-01-10 14:12:36] EDIT registropublicaciones/controllers/default.py: 0
[2018-01-10 14:13:11] EDIT registropublicaciones/models/db.py: 0
[2018-01-10 14:14:10] EDIT registropublicaciones/views/default/evento.html: 0
[2018-01-10 14:14:34] EDIT registropublicaciones/controllers/default.py: 0
[2018-01-10 14:14:46] EDIT registropublicaciones/views/default/edicionevento.html: 0
[2018-01-10 14:15:22] EDIT registropublicaciones/views/default/edicionevento.html: 0
[2018-01-10 14:16:13] EDIT registropublicaciones/views/default/edicionevento.html: 0
[2018-01-10 14:18:35] EDIT registropublicaciones/models/db.py: 0
[2018-01-10 14:18:43] EDIT registropublicaciones/models/db.py: 0
[2018-01-10 14:19:45] EDIT registropublicaciones/controllers/default.py: 0
[2018-01-10 14:19:46] EDIT registropublicaciones/controllers/default.py: 0
[2018-01-10 14:24:10] EDIT registropublicaciones/models/db.py: 0
[2018-01-10 14:25:21] EDIT registropublicaciones/controllers/default.py: 0
[2018-01-10 14:46:35] EDIT registropublicaciones/models/db.py: 0
[2018-01-10 14:47:08] EDIT registropublicaciones/models/db.py: 0
[2018-01-10 14:47:14] EDIT registropublicaciones/models/db.py: 0
[2018-01-10 14:47:18] EDIT registropublicaciones/models/db.py: 0
[2018-01-10 14:48:22] EDIT registropublicaciones/controllers/default.py: 0
[2018-01-10 14:49:09] EDIT registropublicaciones/models/db.py: 0
[2018-01-10 14:56:28] EDIT registropublicaciones/views/default/edicionevento.html: 0
[2018-01-10 14:56:56] EDIT registropublicaciones/views/default/edicionrevista.html: 0
[2018-01-10 14:57:09] EDIT registropublicaciones/views/default/edicionlibro.html: 0
[2018-01-10 15:01:11] EDIT registropublicaciones/views/default/edicionevento.html: 0
[2018-01-10 15:25:34] EDIT registropublicaciones/views/default/edicionlibro.html: 0
[2018-01-10 15:25:58] EDIT registropublicaciones/views/default/edicionevento.html: 0
[2018-01-10 15:26:26] EDIT registropublicaciones/views/default/edicionlibro.html: 0
[2018-01-10 15:26:37] EDIT registropublicaciones/views/default/edicionrevista.html: 0
[2018-01-10 15:26:54] EDIT registropublicaciones/views/default/libro.html: 1
[2018-01-10 15:28:13] EDIT registropublicaciones/views/default/libro.html: 4
[2018-01-10 15:28:52] EDIT registropublicaciones/views/default/revista.html: 4
[2018-01-10 15:29:23] EDIT registropublicaciones/views/default/evento.html: 4
[2018-01-10 15:30:09] EDIT registropublicaciones/views/default/revista.html: 1
[2018-01-10 15:30:29] EDIT registropublicaciones/views/default/evento.html: 1
[2018-01-10 15:42:06] EDIT registropublicaciones/models/db.py: 3
[2018-01-10 15:47:23] EDIT registropublicaciones/controllers/default.py: 6
[2018-01-10 15:51:05] EDIT registropublicaciones/controllers/default.py: 0
[2018-01-11 08:47:41] EDIT registropublicaciones/models/db.py: 0
[2018-01-11 08:49:06] EDIT registropublicaciones/controllers/default.py: 0
[2018-01-11 08:51:33] EDIT registropublicaciones/views/default/index.html: 0
[2018-01-11 09:20:58] EDIT registropublicaciones/views/default/index.html: 42
[2018-01-11 09:22:41] EDIT registropublicaciones/views/layout.html: 1
[2018-01-11 09:26:07] EDIT registropublicaciones/views/default/index.html: -14
[2018-01-11 09:31:28] EDIT registropublicaciones/static/js/tablefilter.js: 0
[2018-01-11 09:32:12] EDIT registropublicaciones/static/js/tablefilter.js: 0
[2018-01-11 09:32:50] EDIT registropublicaciones/static/js/tablefilter.js: 0
[2018-01-11 09:33:38] EDIT registropublicaciones/static/js/tablefilter.js: 0
[2018-01-11 09:34:05] EDIT registropublicaciones/static/js/tablefilter.js: 0
[2018-01-11 09:34:39] EDIT registropublicaciones/static/js/tablefilter.js: 0
[2018-01-11 09:36:03] EDIT registropublicaciones/static/js/tablefilter.js: 0
[2018-01-11 09:36:49] EDIT registropublicaciones/static/js/tablefilter.js: 0
[2018-01-11 09:37:25] EDIT registropublicaciones/views/default/index.html: -7
[2018-01-11 09:38:46] EDIT registropublicaciones/views/default/index.html: 2
[2018-01-11 09:39:17] EDIT registropublicaciones/views/default/index.html: 0
[2018-01-11 09:39:21] EDIT registropublicaciones/views/default/index.html: 0
[2018-01-11 09:40:19] EDIT registropublicaciones/views/default/index.html: -5
[2018-01-11 09:40:34] EDIT registropublicaciones/views/default/index.html: 0
[2018-01-11 09:41:39] EDIT registropublicaciones/views/default/index.html: -2
[2018-01-11 09:55:59] EDIT registropublicaciones/views/default/index.html: -1
[2018-01-11 09:57:30] EDIT registropublicaciones/views/default/index.html: -2
[2018-01-11 10:01:30] EDIT registropublicaciones/views/default/index.html: 0
[2018-01-11 10:02:30] EDIT registropublicaciones/views/default/index.html: 0
[2018-01-11 12:11:34] EDIT registropublicaciones/views/default/index.html: 0
[2018-01-11 12:14:39] EDIT registropublicaciones/views/default/libro.html: 0
[2018-01-11 12:15:57] EDIT registropublicaciones/views/default/libro.html: 0
[2018-01-18 11:04:44] EDIT registropublicaciones/models/db.py: 8
[2018-01-18 11:05:59] EDIT registropublicaciones/controllers/default.py: 0
[2018-01-18 11:32:43] EDIT registropublicaciones/views/default/libro.html: 15
[2018-01-18 11:34:58] EDIT registropublicaciones/controllers/default.py: 0
[2018-01-18 12:04:24] EDIT registropublicaciones/views/default/libro.html: -1
[2018-01-18 12:05:49] EDIT registropublicaciones/views/default/libro.html: 0
[2018-01-18 12:06:15] EDIT registropublicaciones/views/default/libro.html: 0
[2018-01-18 12:06:40] EDIT registropublicaciones/views/default/libro.html: 0
[2018-01-18 12:08:11] EDIT registropublicaciones/views/default/libro.html: 0
[2018-01-18 12:09:04] EDIT registropublicaciones/views/default/libro.html: 0
[2018-01-18 12:09:24] EDIT registropublicaciones/views/default/libro.html: 0
[2018-01-18 12:09:44] EDIT registropublicaciones/views/default/libro.html: 0
[2018-01-18 12:11:44] EDIT registropublicaciones/views/default/libro.html: 0
[2018-01-18 12:26:24] EDIT registropublicaciones/views/default/libro.html: 0
[2018-01-18 12:30:53] EDIT registropublicaciones/views/default/libro.html: 1
[2018-01-18 12:32:33] EDIT registropublicaciones/views/default/libro.html: -1
[2018-01-18 12:33:29] EDIT registropublicaciones/views/default/libro.html: 1
[2018-01-18 12:34:03] EDIT registropublicaciones/views/default/libro.html: 1
[2018-01-18 12:34:31] EDIT registropublicaciones/views/default/libro.html: 0
[2018-01-18 12:48:06] EDIT registropublicaciones/views/default/libro.html: 0
[2018-01-18 12:48:57] EDIT registropublicaciones/views/default/libro.html: 0
[2018-01-18 12:49:42] EDIT registropublicaciones/views/default/libro.html: 0
[2018-01-18 12:52:29] EDIT registropublicaciones/views/default/libro.html: 0
[2018-01-18 12:54:09] EDIT registropublicaciones/views/default/libro.html: 0
[2018-01-18 12:55:10] EDIT registropublicaciones/views/default/libro.html: 1
[2018-01-18 12:55:30] EDIT registropublicaciones/views/default/libro.html: 0
[2018-01-18 12:56:43] EDIT registropublicaciones/views/default/libro.html: 0
[2018-01-18 12:57:25] EDIT registropublicaciones/views/default/libro.html: 0
[2018-01-18 12:57:51] EDIT registropublicaciones/views/default/libro.html: 0
[2018-01-18 13:05:06] EDIT registropublicaciones/views/default/libro.html: 0
[2018-01-18 13:05:09] EDIT registropublicaciones/views/default/libro.html: 0
[2018-01-18 13:06:14] EDIT registropublicaciones/views/default/libro.html: 1
[2018-01-18 13:07:55] EDIT registropublicaciones/views/default/libro.html: -1
[2018-01-18 13:08:59] EDIT registropublicaciones/views/default/libro.html: 0
[2018-01-18 13:09:01] EDIT registropublicaciones/views/default/libro.html: 0
[2018-01-18 13:10:57] EDIT registropublicaciones/views/default/libro.html: 1
[2018-01-18 13:11:41] EDIT registropublicaciones/views/default/libro.html: 0
[2018-01-18 13:26:24] EDIT registropublicaciones/views/default/libro.html: 2
[2018-01-18 13:27:22] EDIT registropublicaciones/views/default/libro.html: 0
[2018-01-18 13:30:56] EDIT registropublicaciones/views/default/libro.html: 3
[2018-01-18 13:41:41] EDIT registropublicaciones/views/default/libro.html: 1
[2018-01-18 14:00:13] EDIT registropublicaciones/views/default/libro.html: 0
[2018-01-18 14:00:38] EDIT registropublicaciones/views/default/libro.html: 0
[2018-01-18 14:08:22] EDIT registropublicaciones/views/default/libro.html: 1
[2018-01-18 14:08:43] EDIT registropublicaciones/views/default/libro.html: 0
[2018-01-18 14:09:52] EDIT registropublicaciones/views/default/libro.html: 3
[2018-01-18 16:02:31] EDIT registropublicaciones/views/default/libro.html: 1
[2018-01-18 16:39:32] EDIT registropublicaciones/views/default/libro.html: 0
[2018-01-18 16:40:12] EDIT registropublicaciones/views/default/libro.html: 0
[2018-01-18 16:40:36] EDIT registropublicaciones/views/default/libro.html: 0
[2018-01-23 14:47:46] EDIT registropublicaciones/views/default/libro.html: 0
[2018-01-23 14:49:27] EDIT registropublicaciones/views/default/libro.html: 0
[2018-01-23 14:50:25] EDIT registropublicaciones/views/default/libro.html: -1
[2018-01-23 14:51:46] EDIT registropublicaciones/views/default/libro.html: 1
[2018-01-23 14:56:01] EDIT registropublicaciones/views/default/libro.html: -2
[2018-01-23 14:56:31] EDIT registropublicaciones/views/default/libro.html: 0
[2018-01-23 15:19:10] EDIT registropublicaciones/views/default/libro.html: 0
[2018-01-23 15:23:52] EDIT registropublicaciones/views/default/libro.html: 2
[2018-01-23 15:25:46] EDIT registropublicaciones/views/default/libro.html: 0
[2018-01-23 15:26:14] EDIT registropublicaciones/views/default/libro.html: 0
[2018-01-23 15:28:14] EDIT registropublicaciones/views/default/libro.html: 0
[2018-01-23 15:28:33] EDIT registropublicaciones/views/default/libro.html: 0
[2018-01-23 15:29:12] EDIT registropublicaciones/views/default/libro.html: 0
[2018-01-23 15:29:27] EDIT registropublicaciones/views/default/libro.html: 0
[2018-01-23 15:29:44] EDIT registropublicaciones/views/default/libro.html: 0
[2018-01-23 15:31:43] EDIT registropublicaciones/views/default/libro.html: 0
[2018-01-23 15:32:05] EDIT registropublicaciones/views/default/libro.html: 0
[2018-01-23 15:32:55] EDIT registropublicaciones/views/default/libro.html: 0
[2018-01-23 15:34:51] EDIT registropublicaciones/views/default/libro.html: 0
[2018-01-23 15:37:35] EDIT registropublicaciones/views/default/libro.html: 1
[2018-01-23 15:39:39] EDIT registropublicaciones/views/default/libro.html: 0
[2018-01-23 15:40:51] EDIT registropublicaciones/views/default/libro.html: 0
[2018-01-23 15:41:26] EDIT registropublicaciones/views/default/libro.html: 0
[2018-01-23 15:41:52] EDIT registropublicaciones/views/default/libro.html: 0
[2018-01-23 15:42:42] EDIT registropublicaciones/views/default/libro.html: 1
[2018-01-23 15:43:15] EDIT registropublicaciones/views/default/libro.html: 0
[2018-01-23 15:43:53] EDIT registropublicaciones/views/default/libro.html: 0
[2018-01-23 15:44:21] EDIT registropublicaciones/views/default/libro.html: 0
[2018-01-23 15:45:44] EDIT registropublicaciones/views/default/libro.html: 0
[2018-01-23 15:45:52] EDIT registropublicaciones/views/default/libro.html: 0
[2018-01-23 15:47:46] EDIT registropublicaciones/views/default/libro.html: 1
[2018-01-23 15:48:36] EDIT registropublicaciones/views/default/libro.html: 0
[2018-01-23 15:50:37] EDIT registropublicaciones/views/default/index.html: 0
[2018-01-23 15:51:56] EDIT registropublicaciones/views/default/index.html: 0
[2018-01-23 15:53:49] EDIT registropublicaciones/views/default/libro.html: 0
[2018-01-23 16:11:46] EDIT registropublicaciones/views/default/edicionlibro.html: 0
[2018-01-23 16:14:06] EDIT registropublicaciones/controllers/default.py: 0
[2018-01-23 16:14:53] EDIT registropublicaciones/controllers/default.py: 0
[2018-01-23 16:15:58] EDIT registropublicaciones/models/db.py: 2
[2018-01-23 16:17:11] EDIT registropublicaciones/controllers/default.py: 0
[2018-01-23 16:29:03] EDIT registropublicaciones/views/default/edicionlibro.html: 18
[2018-01-23 16:31:27] EDIT registropublicaciones/views/default/edicionlibro.html: 0
[2018-01-23 16:32:27] EDIT registropublicaciones/views/default/edicionlibro.html: 0
[2018-01-23 16:34:46] EDIT registropublicaciones/views/default/edicionlibro.html: 0
[2018-01-23 16:35:53] EDIT registropublicaciones/views/default/edicionlibro.html: 0
[2018-01-24 11:59:41] EDIT registropublicaciones/views/default/libro.html: -30
[2018-01-24 12:00:09] EDIT registropublicaciones/views/layout.html: 30
[2018-01-24 12:00:45] EDIT registropublicaciones/views/layout.html: 0
[2018-01-24 12:03:22] EDIT registropublicaciones/views/layout.html: -30
[2018-01-24 12:09:25] EDIT registropublicaciones/views/default/libro.html: 30
[2018-01-24 12:10:57] EDIT registropublicaciones/views/default/revista.html: 31
[2018-01-24 12:16:12] EDIT registropublicaciones/views/default/revista.html: 1
[2018-01-24 12:17:25] EDIT registropublicaciones/views/default/evento.html: 32
[2018-01-24 12:20:19] EDIT registropublicaciones/views/default/evento.html: 0
[2018-01-24 12:24:51] EDIT registropublicaciones/views/default/edicionrevista.html: 18
[2018-01-24 12:26:50] EDIT registropublicaciones/controllers/default.py: 0
[2018-01-24 12:29:11] EDIT registropublicaciones/views/default/edicionevento.html: 18
[2018-01-24 12:30:36] EDIT registropublicaciones/views/default/revista.html: 0
[2018-01-24 12:30:49] EDIT registropublicaciones/views/default/evento.html: 0
[2018-01-24 12:31:10] DELETE registropublicaciones/views/default/edicion.html: -3
[2018-01-24 12:31:35] CREATE default/delete.html: 0
[2018-01-24 12:33:20] EDIT registropublicaciones/controllers/default.py: 4
[2018-01-24 12:34:25] EDIT registropublicaciones/views/default/index.html: 0
[2018-01-24 12:35:39] EDIT registropublicaciones/controllers/default.py: 0
[2018-01-24 12:36:05] EDIT registropublicaciones/views/default/delete.html: 0
[2018-01-24 12:36:56] EDIT registropublicaciones/controllers/default.py: 0
[2018-01-24 12:38:20] EDIT registropublicaciones/controllers/default.py: 0
[2018-01-24 12:39:48] EDIT registropublicaciones/views/default/index.html: 0
[2018-01-24 14:21:08] EDIT registropublicaciones/views/default/index.html: 4
[2018-01-24 14:22:03] EDIT registropublicaciones/views/default/index.html: 0
[2018-01-24 14:22:47] EDIT registropublicaciones/views/default/index.html: 0
[2018-01-24 14:23:52] EDIT registropublicaciones/views/default/index.html: 3
[2018-01-24 14:24:31] EDIT registropublicaciones/views/default/index.html: 0
[2018-01-24 14:24:43] EDIT registropublicaciones/views/default/index.html: 0
[2018-01-24 14:26:44] EDIT registropublicaciones/views/default/index.html: 13
[2018-01-24 14:27:40] EDIT registropublicaciones/views/default/index.html: 0
[2018-01-24 14:28:08] EDIT registropublicaciones/views/default/index.html: 0
[2018-01-24 14:28:56] EDIT registropublicaciones/views/default/index.html: 0
[2018-01-24 14:31:30] EDIT registropublicaciones/views/default/index.html: 18
[2018-01-24 14:32:32] EDIT registropublicaciones/views/default/index.html: 0
[2018-01-24 14:34:45] EDIT registropublicaciones/views/default/index.html: 0
[2018-01-24 14:36:20] EDIT registropublicaciones/views/default/index.html: 0
[2018-02-13 09:42:07] EDIT registropedidos/views/default/index.html: 0
[2018-02-13 09:42:08] EDIT registropedidos/views/default/index.html: 0
[2018-02-13 09:43:34] EDIT registropedidos/models/db.py: 0
[2018-02-13 09:44:36] EDIT registropedidos/views/default/index.html: 0
[2018-02-13 09:56:49] EDIT registropedidos/models/db.py: -12
[2018-02-13 09:57:20] DELETE registropedidos/views/default/edicionrevista.html: -47
[2018-02-13 09:57:34] DELETE registropedidos/views/default/edicionevento.html: -47
[2018-02-13 09:57:44] DELETE registropedidos/views/default/revista.html: -61
[2018-02-13 09:57:53] DELETE registropedidos/views/default/evento.html: -60
[2018-02-13 09:59:11] EDIT registropedidos/models/db.py: 2
[2018-02-13 10:10:27] EDIT registropedidos/views/default/index.html: -50
[2018-02-13 10:12:05] EDIT registropedidos/controllers/default.py: 0
[2018-02-13 10:12:29] EDIT registropedidos/controllers/default.py: 0
[2018-02-13 10:14:24] EDIT registropedidos/views/default/index.html: 0
[2018-02-13 10:14:45] EDIT registropedidos/views/default/libro.html: 0
[2018-02-13 10:15:14] CREATE default/prestamo.html: 0
[2018-02-13 10:16:11] EDIT registropedidos/views/default/prestamo.html: 54
[2018-02-13 10:16:42] EDIT registropedidos/views/default/prestamo.html: 1
[2018-02-13 10:22:22] EDIT registropedidos/views/default/prestamo.html: 0
[2018-02-13 10:23:24] EDIT registropedidos/controllers/default.py: 0
[2018-02-13 10:36:51] EDIT registropedidos/views/default/prestamo.html: 12
[2018-02-13 10:37:21] EDIT registropedidos/views/default/prestamo.html: -30
[2018-02-13 10:47:58] EDIT registropedidos/models/db.py: 0
[2018-02-13 11:21:14] EDIT registropedidos/models/db.py: 0
[2018-02-13 11:26:39] EDIT registropedidos/controllers/default.py: 0
[2018-02-13 11:29:04] EDIT registropedidos/views/default/index.html: 0
[2018-02-14 10:34:13] EDIT registropedidos/controllers/default.py: 0
[2018-02-14 10:37:12] EDIT registropedidos/controllers/default.py: 0
[2018-02-14 10:44:19] EDIT registropedidos/controllers/default.py: 12
[2018-02-14 10:46:23] EDIT registropedidos/controllers/default.py: 0
[2018-02-14 10:46:41] CREATE default/edicionprestamo.html: 0
[2018-02-14 10:47:16] EDIT registropedidos/views/default/edicionprestamo.html: 41
[2018-02-14 11:05:42] EDIT registropedidos/views/default/edicionprestamo.html: -4
[2018-02-14 11:06:24] EDIT registropedidos/views/default/edicionprestamo.html: 1
[2018-02-14 11:08:01] EDIT registropedidos/controllers/default.py: 0
[2018-02-14 11:09:33] EDIT registropedidos/views/default/edicionprestamo.html: 0
[2018-02-14 11:10:24] EDIT registropedidos/views/default/edicionprestamo.html: 0
[2018-02-14 11:11:23] EDIT registropedidos/views/default/edicionprestamo.html: 0
[2018-02-14 11:12:54] EDIT registropedidos/views/default/edicionprestamo.html: 1
[2018-02-14 11:13:35] EDIT registropedidos/views/default/edicionprestamo.html: 0
[2018-02-14 11:20:39] EDIT registropedidos/views/default/edicionprestamo.html: 0
[2018-02-14 11:24:38] EDIT registropedidos/views/default/edicionprestamo.html: -1
[2018-02-16 03:56:55] EDIT registropedidos/models/db.py: 0
[2018-02-16 03:57:27] EDIT registropedidos/models/db.py: 0
[2018-02-16 04:04:51] EDIT registropedidos/models/db.py: 0
[2018-02-19 09:03:18] EDIT registropedidos/models/db.py: 0
[2018-02-19 09:08:12] EDIT registropedidos/models/db.py: 0
[2018-02-19 09:09:01] EDIT registropedidos/views/default/prestamo.html: 0
[2018-02-19 09:15:22] EDIT registropedidos/views/default/prestamo.html: 5
[2018-02-19 09:16:47] EDIT registropedidos/views/default/prestamo.html: 0
[2018-02-19 09:18:03] EDIT registropedidos/views/default/prestamo.html: 0
[2018-02-19 09:27:48] EDIT registropedidos/controllers/default.py: 0
[2018-02-19 09:28:19] EDIT registropedidos/controllers/default.py: 0
[2018-02-19 09:28:49] EDIT registropedidos/controllers/default.py: 0
[2018-02-19 09:29:50] EDIT registropedidos/controllers/default.py: 0
[2018-02-19 09:30:10] EDIT registropedidos/controllers/default.py: 0
[2018-02-19 09:30:31] EDIT registropedidos/controllers/default.py: 0
[2018-02-19 09:31:12] EDIT registropedidos/controllers/default.py: 0
[2018-02-19 09:32:36] EDIT registropedidos/views/default/prestamo.html: 1
[2018-02-19 09:33:32] EDIT registropedidos/controllers/default.py: 0
[2018-02-19 09:33:45] EDIT registropedidos/controllers/default.py: 0
[2018-02-19 09:35:07] EDIT registropedidos/views/default/prestamo.html: 0
[2018-02-19 09:38:34] EDIT registropedidos/views/default/index.html: 0
[2018-02-19 09:44:38] CREATE default/devolver.html: 0
[2018-02-19 09:44:45] EDIT registropedidos/views/default/devolver.html: 0
[2018-02-19 09:46:38] EDIT registropedidos/controllers/default.py: 0
[2018-02-19 09:46:48] EDIT registropedidos/controllers/default.py: 0
[2018-02-19 09:47:18] EDIT registropedidos/controllers/default.py: 0
[2018-02-19 09:47:44] EDIT registropedidos/controllers/default.py: 0
[2018-02-19 09:47:55] EDIT registropedidos/controllers/default.py: 0
[2018-02-19 09:48:11] EDIT registropedidos/controllers/default.py: 0
[2018-02-19 09:48:54] EDIT registropedidos/controllers/default.py: 0
[2018-02-19 09:50:01] EDIT registropedidos/controllers/default.py: 0
[2018-02-19 09:50:11] EDIT registropedidos/controllers/default.py: 0
[2018-02-19 09:52:28] EDIT registropedidos/controllers/default.py: 0
[2018-02-19 09:57:39] EDIT registropedidos/models/db.py: 1
[2018-02-19 09:58:50] EDIT registropedidos/views/default/prestamo.html: 1
[2018-02-19 09:59:24] EDIT registropedidos/views/default/edicionprestamo.html: 1
[2018-02-19 09:59:44] EDIT registropedidos/views/default/edicionprestamo.html: 0
[2018-02-19 10:00:15] CREATE default/devueltos.html: 0
[2018-02-19 10:01:19] EDIT registropedidos/views/default/devueltos.html: 83
[2018-02-19 10:02:22] EDIT registropedidos/views/default/devueltos.html: 1
[2018-02-19 10:02:54] EDIT registropedidos/controllers/default.py: 5
[2018-02-19 10:03:27] EDIT registropedidos/views/default/index.html: 1
[2018-02-19 10:14:55] EDIT registropedidos/views/default/devueltos.html: 1
[2018-02-19 10:41:21] EDIT registropedidos/views/default/index.html: 0
[2018-02-19 10:41:44] EDIT registropedidos/views/default/index.html: 0
[2018-02-19 10:43:37] EDIT registropedidos/views/default/index.html: 0
[2018-02-19 10:43:52] EDIT registropedidos/views/default/index.html: 0
[2018-02-19 10:44:28] EDIT registropedidos/views/default/devueltos.html: 0
[2018-02-19 10:44:51] EDIT registropedidos/views/default/devueltos.html: 0
[2018-02-19 10:46:16] EDIT registropedidos/views/default/index.html: 1
[2018-02-20 05:29:18] EDIT registropedidos/views/default/devueltos.html: 4
[2018-02-20 05:29:55] EDIT registropedidos/views/default/devueltos.html: -2
[2018-02-20 05:30:30] EDIT registropedidos/views/default/devueltos.html: 0
[2018-02-20 05:31:05] EDIT registropedidos/views/default/devueltos.html: 0
[2018-02-20 05:32:00] EDIT registropedidos/views/default/devueltos.html: 0
[2018-02-20 05:33:00] EDIT registropedidos/views/default/devueltos.html: 0
[2018-02-20 05:33:24] EDIT registropedidos/views/default/devueltos.html: 0
[2018-02-20 05:35:15] EDIT registropedidos/views/default/devueltos.html: -2
[2018-02-20 10:07:19] EDIT registropedidos/models/db.py: -1
[2018-02-20 10:09:11] EDIT registropedidos/models/db.py: 1
[2018-02-20 10:13:39] EDIT registropedidos/models/db.py: 47
[2018-02-20 10:21:08] EDIT registropedidos/views/default/prestamo.html: 33
[2018-02-20 10:26:32] EDIT registropedidos/views/default/prestamo.html: 3
[2018-02-20 10:27:12] EDIT registropedidos/views/default/prestamo.html: 0
[2018-02-20 10:28:56] EDIT registropedidos/models/db.py: 0
[2018-02-20 10:29:44] EDIT registropedidos/models/db.py: 0
[2018-02-20 10:30:14] EDIT registropedidos/controllers/default.py: 0
[2018-02-20 10:30:57] EDIT registropedidos/controllers/default.py: 0
[2018-02-20 10:35:33] EDIT registropedidos/views/default/prestamo.html: 0
[2018-02-20 10:38:05] EDIT registropedidos/views/default/prestamo.html: 0
[2018-02-20 10:40:52] EDIT registropedidos/views/default/prestamo.html: 0
[2018-02-20 10:43:51] EDIT registropedidos/views/default/prestamo.html: 1
[2018-02-20 10:45:30] EDIT registropedidos/views/default/prestamo.html: 0
[2018-02-20 10:45:56] EDIT registropedidos/views/default/prestamo.html: 0
[2018-02-20 10:46:19] EDIT registropedidos/views/default/prestamo.html: 0
[2018-02-20 10:46:40] EDIT registropedidos/views/default/prestamo.html: 0
[2018-02-20 10:48:03] EDIT registropedidos/views/default/prestamo.html: 0
[2018-02-20 10:48:13] EDIT registropedidos/views/default/prestamo.html: 0
[2018-02-20 10:50:06] EDIT registropedidos/views/default/prestamo.html: 0
[2018-02-20 10:51:08] EDIT registropedidos/views/default/prestamo.html: 1
[2018-02-20 10:51:32] EDIT registropedidos/views/default/prestamo.html: 0
[2018-02-20 10:51:58] EDIT registropedidos/views/default/prestamo.html: 0
[2018-02-20 10:53:31] EDIT registropedidos/views/default/prestamo.html: 1
[2018-02-20 10:53:47] EDIT registropedidos/views/default/prestamo.html: 0
[2018-02-20 10:54:14] EDIT registropedidos/views/default/index.html: 0
[2018-02-20 10:54:24] EDIT registropedidos/views/default/devueltos.html: 0
[2018-02-20 10:54:39] EDIT registropedidos/views/default/devueltos.html: 0
[2018-02-20 11:17:16] EDIT registropedidos/views/default/prestamo.html: 0
[2018-02-20 11:17:42] EDIT registropedidos/models/db.py: 0
[2018-02-20 11:18:44] EDIT registropedidos/controllers/default.py: 0
[2018-02-20 11:20:16] EDIT registropedidos/views/default/index.html: 0
[2018-02-20 11:24:38] EDIT registropedidos/views/default/devueltos.html: 0
[2018-02-20 11:33:59] EDIT registropedidos/views/default/edicionprestamo.html: 3
[2018-02-20 11:47:35] EDIT registropedidos/views/default/edicionprestamo.html: 0
[2018-02-21 04:42:18] EDIT registropedidos/controllers/default.py: 0
[2018-02-21 04:46:27] EDIT registropedidos/views/default/edicionprestamo.html: 17
[2018-02-21 04:50:32] EDIT registropedidos/views/default/edicionprestamo.html: -14
[2018-02-21 04:52:13] EDIT registropedidos/views/default/edicionprestamo.html: 0
[2018-02-21 04:53:21] EDIT registropedidos/views/default/edicionprestamo.html: 0
[2018-02-21 05:07:40] EDIT registropedidos/views/default/edicionprestamo.html: 0
[2018-02-21 05:10:23] EDIT registropedidos/views/default/prestamo.html: 2
[2018-02-21 05:10:55] EDIT registropedidos/controllers/default.py: 0
[2018-02-21 05:11:25] EDIT registropedidos/controllers/default.py: 0
[2018-02-21 05:14:45] EDIT registropedidos/views/default/edicionprestamo.html: 2
[2018-02-21 05:16:31] EDIT registropedidos/controllers/default.py: 4
[2018-02-21 05:17:45] EDIT registropedidos/views/default/index.html: 0
[2018-02-21 05:25:25] EDIT registropedidos/views/default/edicionprestamo.html: 0
[2018-02-21 05:29:13] EDIT registropedidos/views/default/edicionprestamo.html: 0
[2018-02-21 05:30:02] EDIT registropedidos/views/default/edicionprestamo.html: 0
[2018-02-21 05:31:14] EDIT registropedidos/views/default/edicionprestamo.html: 1
[2018-02-21 05:37:04] EDIT registropedidos/controllers/default.py: 0
[2018-02-21 05:39:07] EDIT registropedidos/views/default/edicionprestamo.html: 0
[2018-02-21 05:41:42] EDIT registropedidos/views/default/prestamo.html: 0
[2018-02-21 05:41:53] EDIT registropedidos/views/default/edicionprestamo.html: 0
[2018-02-21 05:43:37] EDIT registropedidos/views/default/edicionprestamo.html: 0
[2018-02-21 05:45:25] EDIT registropedidos/views/default/prestamo.html: 4
[2018-02-21 05:45:41] EDIT registropedidos/views/default/edicionprestamo.html: 0
[2018-02-21 05:53:56] EDIT registropedidos/views/default/index.html: 62
[2018-02-21 05:55:24] EDIT registropedidos/views/default/index.html: 0
[2018-02-21 05:55:47] EDIT registropedidos/views/default/index.html: 0
[2018-02-21 05:56:00] EDIT registropedidos/views/default/edicionprestamo.html: 0
[2018-03-06 09:06:38] EDIT registropedidos/views/default/devueltos.html: 0
[2018-03-06 09:07:02] EDIT registropedidos/views/default/index.html: 0
[2018-03-06 09:20:42] EDIT registropedidos/views/default/edicionprestamo.html: 9
[2018-03-06 09:22:51] EDIT registropedidos/views/default/edicionprestamo.html: 0
[2018-03-06 09:23:23] EDIT registropedidos/views/default/edicionprestamo.html: 0
[2018-03-06 09:23:48] EDIT registropedidos/views/default/edicionprestamo.html: 0
[2018-03-06 09:24:04] EDIT registropedidos/views/default/edicionprestamo.html: 0
[2018-03-06 09:24:19] EDIT registropedidos/views/default/edicionprestamo.html: 0
[2018-03-06 09:25:22] EDIT registropedidos/controllers/default.py: 0
[2018-03-06 09:25:53] EDIT registropedidos/views/default/edicionprestamo.html: 0
[2018-03-06 09:27:58] EDIT registropedidos/views/default/edicionprestamo.html: 1
[2018-03-06 09:28:23] EDIT registropedidos/views/default/edicionprestamo.html: 0
[2018-03-06 09:28:39] EDIT registropedidos/views/default/edicionprestamo.html: 0
[2018-03-06 09:57:21] EDIT registropedidos/views/default/estadisticas.html: 0
[2018-03-06 09:58:52] EDIT registropedidos/views/default/estadisticas.html: 0
[2018-03-06 09:59:27] EDIT registropedidos/views/default/estadisticas.html: 0
[2018-03-06 09:59:55] EDIT registropedidos/views/default/estadisticas.html: 0
[2018-03-06 10:03:31] EDIT registropedidos/controllers/default.py: 1
[2018-03-06 10:04:37] EDIT registropedidos/views/default/estadisticas.html: 0
[2018-03-06 10:05:11] EDIT registropedidos/views/default/estadisticas.html: 1
[2018-03-06 10:05:54] EDIT registropedidos/views/default/estadisticas.html: 0
[2018-03-06 10:06:36] EDIT registropedidos/views/default/estadisticas.html: 0
[2018-03-06 10:07:00] EDIT registropedidos/views/default/estadisticas.html: 1
[2018-03-07 03:32:41] DELETE registropedidos/views/default/edicionlibro.html: -45
[2018-03-07 03:32:49] DELETE registropedidos/views/default/libro.html: -58
[2018-03-07 03:33:54] EDIT registropedidos/controllers/default.py: -58
[2018-03-07 03:47:12] EDIT registropedidos/controllers/default.py: 2
[2018-03-07 03:48:01] EDIT registropedidos/controllers/default.py: 0
[2018-03-07 03:51:57] EDIT registropedidos/views/default/estadisticas.html: 19
[2018-03-07 03:53:27] EDIT registropedidos/controllers/default.py: 1
[2018-03-07 03:53:39] EDIT registropedidos/controllers/default.py: 0
[2018-03-07 03:54:50] EDIT registropedidos/views/default/estadisticas.html: 0
[2018-03-07 06:42:52] EDIT registropedidos/views/default/estadisticas.html: 0
[2018-03-07 09:00:00] EDIT registropedidos/controllers/default.py: 1
[2018-03-07 09:01:05] EDIT registropedidos/views/default/estadisticas.html: 0
[2018-03-07 09:04:49] EDIT registropedidos/views/default/estadisticas.html: 11
[2018-03-07 09:07:01] EDIT registropedidos/views/default/prestamo.html: 0
[2018-03-07 09:08:00] EDIT registropedidos/views/default/prestamo.html: 0
[2018-03-07 09:08:29] EDIT registropedidos/views/default/prestamo.html: 0
[2018-03-07 09:15:37] EDIT registropedidos/views/default/prestamo.html: 0
[2018-03-07 09:19:07] EDIT registropedidos/views/default/prestamo.html: 0
[2018-03-07 09:19:28] EDIT registropedidos/views/default/prestamo.html: 0
[2018-03-07 09:21:18] EDIT registropedidos/views/default/edicionprestamo.html: 1
[2018-03-07 09:21:38] EDIT registropedidos/views/default/edicionprestamo.html: 0
[2018-03-07 09:21:54] EDIT registropedidos/views/default/edicionprestamo.html: -1
[2018-03-07 09:22:05] EDIT registropedidos/views/default/edicionprestamo.html: 0
[2018-03-07 09:22:28] EDIT registropedidos/views/default/edicionprestamo.html: 0
[2018-03-07 09:24:31] EDIT registropedidos/views/default/edicionprestamo.html: 0
[2018-03-07 09:24:52] EDIT registropedidos/views/default/edicionprestamo.html: 0
[2018-03-07 09:30:33] EDIT registropedidos/views/default/estadisticas.html: 0
[2018-03-07 09:58:47] EDIT registropedidos/views/default/estadisticas.html: 4
[2018-06-09 11:51:34] EDIT registropedidos/views/default/prestamo.html: 0
[2018-06-09 11:52:24] EDIT registropedidos/views/default/prestamo.html: 0
[2018-06-26 01:58:46] EDIT registropedidos/views/default/edicionprestamo.html: 0
[2018-10-16 06:01:59] EDIT registropedidosprov/models/db.py: 2
[2018-10-16 06:02:15] EDIT registropedidosprov/models/db.py: 0
[2018-10-16 06:04:41] EDIT registropedidosprov/views/default/prestamo.html: 6
[2018-10-16 06:06:26] EDIT registropedidosprov/views/default/edicionprestamo.html: 10
[2018-10-16 06:09:02] EDIT registropedidosprov/controllers/default.py: 0
[2018-10-16 06:12:49] EDIT registropedidosprov/views/default/index.html: 2
[2018-10-16 06:13:53] EDIT registropedidosprov/views/default/devueltos.html: 2
[2018-10-16 06:15:29] EDIT registropedidosprov/views/default/estadisticas.html: 3
[2018-10-16 06:16:40] EDIT registropedidosprov/views/default/estadisticas.html: 5
[2018-10-16 06:16:59] EDIT registropedidosprov/views/default/estadisticas.html: 0
[2018-10-16 06:20:45] EDIT registropedidosprov/controllers/default.py: 1
[2018-10-16 06:21:37] EDIT registropedidosprov/controllers/default.py: 0
[2018-10-16 06:23:55] EDIT registropedidosprov/controllers/default.py: 0
[2018-10-16 06:25:18] EDIT registropedidosprov/controllers/default.py: 0
[2018-10-16 09:05:40] EDIT registropedidosprov/views/default/prestamo.html: -1
[2018-10-16 09:14:46] EDIT registropedidosprov/controllers/default.py: 4
[2018-10-16 09:18:01] EDIT registropedidosprov/views/layout.html: 5
[2018-10-16 09:18:53] EDIT registropedidosprov/views/layout.html: 0
[2018-10-16 09:19:52] EDIT registropedidosprov/views/layout.html: 0
[2018-10-16 11:10:33] EDIT registropedidosprov/views/layout.html: -5
[2018-10-16 11:10:34] EDIT registropedidosprov/views/layout.html: 0
[2018-10-16 11:10:45] EDIT registropedidosprov/views/layout.html: 0
[2018-10-16 11:10:55] EDIT registropedidosprov/views/layout.html: 0
[2018-10-16 11:11:43] EDIT registropedidosprov/views/layout.html: 0
[2018-10-16 11:12:10] CREATE default/adminuser.html: 0
[2018-10-16 11:12:17] EDIT registropedidosprov/views/default/adminuser.html: 1
[2018-10-16 11:13:12] EDIT registropedidosprov/views/default/index.html: 0
[2018-10-16 11:13:59] EDIT registropedidosprov/controllers/default.py: 0
[2018-10-16 11:15:24] EDIT registropedidosprov/controllers/default.py: 1
[2018-10-16 11:15:52] EDIT registropedidosprov/controllers/default.py: 0
[2018-10-16 11:16:30] EDIT registropedidosprov/views/default/adminuser.html: 3
[2018-10-16 11:22:31] EDIT registropedidosprov/views/layout.html: 1
[2018-10-16 11:22:53] EDIT registropedidosprov/views/layout.html: 0
[2018-10-16 11:24:56] EDIT registropedidosprov/views/layout.html: 2
[2018-10-16 11:25:24] EDIT registropedidosprov/views/layout.html: 0
[2018-10-16 11:25:52] EDIT registropedidosprov/views/layout.html: 0
[2018-10-16 11:26:22] EDIT registropedidosprov/views/layout.html: 0
[2018-10-16 11:26:30] EDIT registropedidosprov/views/layout.html: 0
[2018-10-16 11:29:09] EDIT registropedidosprov/views/layout.html: 0
[2018-10-16 11:29:37] EDIT registropedidosprov/views/layout.html: 0
[2018-10-16 11:29:58] EDIT registropedidosprov/views/layout.html: 0
[2018-10-16 11:30:31] EDIT registropedidosprov/views/layout.html: 0
[2018-10-16 11:30:52] EDIT registropedidosprov/views/layout.html: 0
[2018-10-16 11:31:16] EDIT registropedidosprov/views/layout.html: 0
[2018-10-16 11:31:45] EDIT registropedidosprov/views/layout.html: 0
[2018-10-16 11:32:20] EDIT registropedidosprov/views/layout.html: 0
[2018-10-16 11:34:10] EDIT registropedidosprov/views/layout.html: 1
[2018-10-16 11:34:29] EDIT registropedidosprov/views/layout.html: 0
[2018-10-16 11:34:49] EDIT registropedidosprov/views/layout.html: 0
[2018-10-16 11:37:53] EDIT registropedidosprov/controllers/default.py: 0
[2018-10-24 07:10:23] EDIT registropedidosprov/controllers/default.py: 4
[2018-10-24 07:57:31] EDIT registropedidosprov/controllers/default.py: 5
[2018-10-24 09:48:24] EDIT registropedidosprov/controllers/default.py: 0
[2018-10-24 09:48:50] EDIT registropedidosprov/controllers/default.py: 0
[2018-10-24 09:49:34] EDIT registropedidosprov/controllers/default.py: 0
[2018-10-24 09:50:00] EDIT registropedidosprov/controllers/default.py: 0
[2018-10-24 09:50:32] EDIT registropedidosprov/controllers/default.py: 0
[2018-11-01 11:04:18] EDIT registropedidosprov/models/db.py: 0
[2019-01-17 07:13:53] EDIT registropedidosprov/controllers/default.py: 3
